<?xml version="1.0" encoding="UTF-8"?>
<!-- Generated by org.testng.reporters.JUnitXMLReporter -->
<testsuite ignored="4" hostname="Pugazh" failures="0" tests="3" name="Default test" time="6.476" errors="0" timestamp="2023-12-15T20:53:15 GMT">
  <testcase classname="com.framework.restfulbooker.tests.rest.TC001_CreateBooking" name="createBooking" time="0.612"/>
  <testcase classname="com.framework.restfulbooker.tests.rest.TC002_UpdateBooking" name="updateBooking" time="0.531"/>
  <testcase classname="com.framework.restfulbooker.tests.rest.TC003_DeleteBooking" name="deleteBooking" time="0.469"/>
  <testcase classname="com.framework.utils.Reporter" name="@BeforeSuite startReport" time="0.0">
    <ignored/>
  </testcase> <!-- @BeforeSuite startReport -->
  <testcase classname="com.framework.utils.Reporter" name="@BeforeSuite startReport" time="0.0">
    <ignored/>
  </testcase> <!-- @BeforeSuite startReport -->
  <testcase classname="com.framework.utils.Reporter" name="@AfterSuite endResult" time="0.0">
    <ignored/>
  </testcase> <!-- @AfterSuite endResult -->
  <testcase classname="com.framework.utils.Reporter" name="@AfterSuite endResult" time="0.0">
    <ignored/>
  </testcase> <!-- @AfterSuite endResult -->
</testsuite> <!-- Default test -->
