<?xml version="1.0" encoding="UTF-8"?>
<testsuite xmlns:xsi="http://www.w3.org/2001/XMLSchema-instance" xsi:noNamespaceSchemaLocation="https://maven.apache.org/surefire/maven-surefire-plugin/xsd/surefire-test-report.xsd" name="TestSuite" time="21.079" tests="3" errors="0" skipped="0" failures="0">
  <properties>
[...]
</properties>
  <testcase name="createBooking" classname="com.framework.restfulbooker.tests.rest.TC001_CreateBooking" time="0.796"/>
  <testcase name="updateBooking" classname="com.framework.restfulbooker.tests.rest.TC002_UpdateBooking" time="2.016"/>
  <testcase name="deleteBooking" classname="com.framework.restfulbooker.tests.rest.TC003_DeleteBooking" time="2.412"/>
</testsuite>