<?xml version="1.0" encoding="UTF-8"?>
<testng-results ignored="4" total="7" passed="3" failed="0" skipped="0">
  <reporter-output>
  </reporter-output>
  <suite started-at="2023-12-15T21:02:03 GMT" name="Suite" finished-at="2023-12-15T21:02:20 GMT" duration-ms="17702">
    <groups>
      <group name="cucumber">
        <method signature="AbstractTestNGCucumberTests.runScenario(io.cucumber.testng.PickleWrapper,io.cucumber.testng.FeatureWrapper)[pri:0, instance:com.framework.restfulbooker.tests.rest.TC002_UpdateBooking@117159c0]" name="runScenario" class="io.cucumber.testng.AbstractTestNGCucumberTests"/>
        <method signature="AbstractTestNGCucumberTests.runScenario(io.cucumber.testng.PickleWrapper,io.cucumber.testng.FeatureWrapper)[pri:0, instance:com.framework.restfulbooker.tests.rest.TC003_DeleteBooking@7ef82753]" name="runScenario" class="io.cucumber.testng.AbstractTestNGCucumberTests"/>
        <method signature="AbstractTestNGCucumberTests.runScenario(io.cucumber.testng.PickleWrapper,io.cucumber.testng.FeatureWrapper)[pri:0, instance:com.framework.restfulbooker.tests.rest.TC001_CreateBooking@27406a17]" name="runScenario" class="io.cucumber.testng.AbstractTestNGCucumberTests"/>
      </group> <!-- cucumber -->
    </groups>
    <test started-at="2023-12-15T21:02:03 GMT" name="Test" finished-at="2023-12-15T21:02:20 GMT" duration-ms="17702">
      <class name="com.framework.restfulbooker.tests.rest.TC003_DeleteBooking">
        <test-method is-config="true" signature="setValues()[pri:0, instance:com.framework.restfulbooker.tests.rest.TC003_DeleteBooking@7ef82753]" started-at="2023-12-15T21:02:03 GMT" name="setValues" finished-at="2023-12-15T21:02:03 GMT" duration-ms="0" status="PASS">
          <reporter-output>
          </reporter-output>
        </test-method> <!-- setValues -->
        <test-method is-config="true" signature="setUpClass(org.testng.ITestContext)[pri:0, instance:com.framework.restfulbooker.tests.rest.TC003_DeleteBooking@7ef82753]" started-at="2023-12-15T21:02:15 GMT" name="setUpClass" finished-at="2023-12-15T21:02:15 GMT" duration-ms="19" status="PASS">
          <params>
            <param index="0">
              <value>
                <![CDATA[org.testng.TestRunner@652e345]]>
              </value>
            </param>
          </params>
          <reporter-output>
          </reporter-output>
        </test-method> <!-- setUpClass -->
        <test-method is-config="true" signature="startTestCase()[pri:0, instance:com.framework.restfulbooker.tests.rest.TC003_DeleteBooking@7ef82753]" started-at="2023-12-15T21:02:15 GMT" name="startTestCase" finished-at="2023-12-15T21:02:15 GMT" duration-ms="1" status="PASS">
          <reporter-output>
          </reporter-output>
        </test-method> <!-- startTestCase -->
        <test-method is-config="true" signature="beforeMethod()[pri:0, instance:com.framework.restfulbooker.tests.rest.TC003_DeleteBooking@7ef82753]" started-at="2023-12-15T21:02:15 GMT" name="beforeMethod" finished-at="2023-12-15T21:02:18 GMT" duration-ms="2463" status="PASS">
          <reporter-output>
          </reporter-output>
        </test-method> <!-- beforeMethod -->
        <test-method signature="deleteBooking()[pri:0, instance:com.framework.restfulbooker.tests.rest.TC003_DeleteBooking@7ef82753]" started-at="2023-12-15T21:02:18 GMT" name="deleteBooking" finished-at="2023-12-15T21:02:20 GMT" depends-on-methods="com.framework.restfulbooker.tests.rest.TC002_UpdateBooking.updateBooking" duration-ms="2413" status="PASS">
          <reporter-output>
          </reporter-output>
        </test-method> <!-- deleteBooking -->
        <test-method is-config="true" signature="tearDownClass()[pri:0, instance:com.framework.restfulbooker.tests.rest.TC003_DeleteBooking@7ef82753]" started-at="2023-12-15T21:02:20 GMT" name="tearDownClass" finished-at="2023-12-15T21:02:20 GMT" duration-ms="0" status="PASS">
          <reporter-output>
          </reporter-output>
        </test-method> <!-- tearDownClass -->
      </class> <!-- com.framework.restfulbooker.tests.rest.TC003_DeleteBooking -->
      <class name="com.framework.restfulbooker.tests.rest.TC002_UpdateBooking">
        <test-method is-config="true" signature="setValues()[pri:0, instance:com.framework.restfulbooker.tests.rest.TC002_UpdateBooking@117159c0]" started-at="2023-12-15T21:02:03 GMT" name="setValues" finished-at="2023-12-15T21:02:03 GMT" duration-ms="0" status="PASS">
          <reporter-output>
          </reporter-output>
        </test-method> <!-- setValues -->
        <test-method is-config="true" signature="setUpClass(org.testng.ITestContext)[pri:0, instance:com.framework.restfulbooker.tests.rest.TC002_UpdateBooking@117159c0]" started-at="2023-12-15T21:02:11 GMT" name="setUpClass" finished-at="2023-12-15T21:02:11 GMT" duration-ms="21" status="PASS">
          <params>
            <param index="0">
              <value>
                <![CDATA[org.testng.TestRunner@652e345]]>
              </value>
            </param>
          </params>
          <reporter-output>
          </reporter-output>
        </test-method> <!-- setUpClass -->
        <test-method is-config="true" signature="startTestCase()[pri:0, instance:com.framework.restfulbooker.tests.rest.TC002_UpdateBooking@117159c0]" started-at="2023-12-15T21:02:11 GMT" name="startTestCase" finished-at="2023-12-15T21:02:11 GMT" duration-ms="0" status="PASS">
          <reporter-output>
          </reporter-output>
        </test-method> <!-- startTestCase -->
        <test-method is-config="true" signature="beforeMethod()[pri:0, instance:com.framework.restfulbooker.tests.rest.TC002_UpdateBooking@117159c0]" started-at="2023-12-15T21:02:11 GMT" name="beforeMethod" finished-at="2023-12-15T21:02:13 GMT" duration-ms="2001" status="PASS">
          <reporter-output>
          </reporter-output>
        </test-method> <!-- beforeMethod -->
        <test-method signature="updateBooking()[pri:0, instance:com.framework.restfulbooker.tests.rest.TC002_UpdateBooking@117159c0]" started-at="2023-12-15T21:02:13 GMT" name="updateBooking" finished-at="2023-12-15T21:02:15 GMT" depends-on-methods="com.framework.restfulbooker.tests.rest.TC001_CreateBooking.createBooking" duration-ms="2021" status="PASS">
          <reporter-output>
          </reporter-output>
        </test-method> <!-- updateBooking -->
        <test-method is-config="true" signature="tearDownClass()[pri:0, instance:com.framework.restfulbooker.tests.rest.TC002_UpdateBooking@117159c0]" started-at="2023-12-15T21:02:15 GMT" name="tearDownClass" finished-at="2023-12-15T21:02:15 GMT" duration-ms="0" status="PASS">
          <reporter-output>
          </reporter-output>
        </test-method> <!-- tearDownClass -->
      </class> <!-- com.framework.restfulbooker.tests.rest.TC002_UpdateBooking -->
      <class name="com.framework.restfulbooker.tests.rest.TC001_CreateBooking">
        <test-method is-config="true" signature="startReport()[pri:0, instance:com.framework.restfulbooker.tests.rest.TC001_CreateBooking@27406a17]" started-at="2023-12-15T21:02:02 GMT" name="startReport" finished-at="2023-12-15T21:02:03 GMT" duration-ms="342" status="PASS">
          <reporter-output>
          </reporter-output>
        </test-method> <!-- startReport -->
        <test-method is-config="true" signature="setValues()[pri:0, instance:com.framework.restfulbooker.tests.rest.TC001_CreateBooking@27406a17]" started-at="2023-12-15T21:02:03 GMT" name="setValues" finished-at="2023-12-15T21:02:03 GMT" duration-ms="1" status="PASS">
          <reporter-output>
          </reporter-output>
        </test-method> <!-- setValues -->
        <test-method is-config="true" signature="setUpClass(org.testng.ITestContext)[pri:0, instance:com.framework.restfulbooker.tests.rest.TC001_CreateBooking@27406a17]" started-at="2023-12-15T21:02:03 GMT" name="setUpClass" finished-at="2023-12-15T21:02:03 GMT" duration-ms="733" status="PASS">
          <params>
            <param index="0">
              <value>
                <![CDATA[org.testng.TestRunner@652e345]]>
              </value>
            </param>
          </params>
          <reporter-output>
          </reporter-output>
        </test-method> <!-- setUpClass -->
        <test-method is-config="true" signature="startTestCase()[pri:0, instance:com.framework.restfulbooker.tests.rest.TC001_CreateBooking@27406a17]" started-at="2023-12-15T21:02:03 GMT" name="startTestCase" finished-at="2023-12-15T21:02:03 GMT" duration-ms="30" status="PASS">
          <reporter-output>
          </reporter-output>
        </test-method> <!-- startTestCase -->
        <test-method is-config="true" signature="beforeMethod()[pri:0, instance:com.framework.restfulbooker.tests.rest.TC001_CreateBooking@27406a17]" started-at="2023-12-15T21:02:03 GMT" name="beforeMethod" finished-at="2023-12-15T21:02:10 GMT" duration-ms="7028" status="PASS">
          <reporter-output>
          </reporter-output>
        </test-method> <!-- beforeMethod -->
        <test-method signature="createBooking()[pri:0, instance:com.framework.restfulbooker.tests.rest.TC001_CreateBooking@27406a17]" started-at="2023-12-15T21:02:10 GMT" name="createBooking" finished-at="2023-12-15T21:02:11 GMT" duration-ms="792" status="PASS">
          <reporter-output>
          </reporter-output>
        </test-method> <!-- createBooking -->
        <test-method is-config="true" signature="tearDownClass()[pri:0, instance:com.framework.restfulbooker.tests.rest.TC001_CreateBooking@27406a17]" started-at="2023-12-15T21:02:11 GMT" name="tearDownClass" finished-at="2023-12-15T21:02:11 GMT" duration-ms="7" status="PASS">
          <reporter-output>
          </reporter-output>
        </test-method> <!-- tearDownClass -->
        <test-method is-config="true" signature="endResult()[pri:0, instance:com.framework.restfulbooker.tests.rest.TC001_CreateBooking@27406a17]" started-at="2023-12-15T21:02:20 GMT" name="endResult" finished-at="2023-12-15T21:02:21 GMT" duration-ms="846" status="PASS">
          <reporter-output>
          </reporter-output>
        </test-method> <!-- endResult -->
      </class> <!-- com.framework.restfulbooker.tests.rest.TC001_CreateBooking -->
    </test> <!-- Test -->
  </suite> <!-- Suite -->
</testng-results>
