<?xml version="1.0" encoding="UTF-8"?>
<testng-results ignored="4" total="7" passed="3" failed="0" skipped="0">
  <reporter-output>
  </reporter-output>
  <suite started-at="2023-12-15T20:53:08 GMT" name="Default suite" finished-at="2023-12-15T20:53:15 GMT" duration-ms="6476">
    <groups>
      <group name="cucumber">
        <method signature="AbstractTestNGCucumberTests.runScenario(io.cucumber.testng.PickleWrapper,io.cucumber.testng.FeatureWrapper)[pri:0, instance:com.framework.restfulbooker.tests.rest.TC001_CreateBooking@26b3fd41]" name="runScenario" class="io.cucumber.testng.AbstractTestNGCucumberTests"/>
        <method signature="AbstractTestNGCucumberTests.runScenario(io.cucumber.testng.PickleWrapper,io.cucumber.testng.FeatureWrapper)[pri:0, instance:com.framework.restfulbooker.tests.rest.TC002_UpdateBooking@1e178745]" name="runScenario" class="io.cucumber.testng.AbstractTestNGCucumberTests"/>
        <method signature="AbstractTestNGCucumberTests.runScenario(io.cucumber.testng.PickleWrapper,io.cucumber.testng.FeatureWrapper)[pri:0, instance:com.framework.restfulbooker.tests.rest.TC003_DeleteBooking@45b4c3a9]" name="runScenario" class="io.cucumber.testng.AbstractTestNGCucumberTests"/>
      </group> <!-- cucumber -->
    </groups>
    <test started-at="2023-12-15T20:53:08 GMT" name="Default test" finished-at="2023-12-15T20:53:15 GMT" duration-ms="6476">
      <class name="com.framework.restfulbooker.tests.rest.TC003_DeleteBooking">
        <test-method is-config="true" signature="startReport()[pri:0, instance:com.framework.restfulbooker.tests.rest.TC003_DeleteBooking@45b4c3a9]" started-at="2023-12-15T20:53:08 GMT" name="startReport" finished-at="2023-12-15T20:53:08 GMT" duration-ms="248" status="PASS">
          <reporter-output>
          </reporter-output>
        </test-method> <!-- startReport -->
        <test-method is-config="true" signature="setValues()[pri:0, instance:com.framework.restfulbooker.tests.rest.TC003_DeleteBooking@45b4c3a9]" started-at="2023-12-15T20:53:08 GMT" name="setValues" finished-at="2023-12-15T20:53:08 GMT" duration-ms="1" status="PASS">
          <reporter-output>
          </reporter-output>
        </test-method> <!-- setValues -->
        <test-method is-config="true" signature="setUpClass(org.testng.ITestContext)[pri:0, instance:com.framework.restfulbooker.tests.rest.TC003_DeleteBooking@45b4c3a9]" started-at="2023-12-15T20:53:08 GMT" name="setUpClass" finished-at="2023-12-15T20:53:09 GMT" duration-ms="257" status="PASS">
          <params>
            <param index="0">
              <value>
                <![CDATA[org.testng.TestRunner@418f0534]]>
              </value>
            </param>
          </params>
          <reporter-output>
          </reporter-output>
        </test-method> <!-- setUpClass -->
        <test-method is-config="true" signature="startTestCase()[pri:0, instance:com.framework.restfulbooker.tests.rest.TC003_DeleteBooking@45b4c3a9]" started-at="2023-12-15T20:53:09 GMT" name="startTestCase" finished-at="2023-12-15T20:53:09 GMT" duration-ms="11" status="PASS">
          <reporter-output>
          </reporter-output>
        </test-method> <!-- startTestCase -->
        <test-method is-config="true" signature="beforeMethod()[pri:0, instance:com.framework.restfulbooker.tests.rest.TC003_DeleteBooking@45b4c3a9]" started-at="2023-12-15T20:53:14 GMT" name="beforeMethod" finished-at="2023-12-15T20:53:14 GMT" duration-ms="520" status="PASS">
          <reporter-output>
          </reporter-output>
        </test-method> <!-- beforeMethod -->
        <test-method signature="deleteBooking()[pri:0, instance:com.framework.restfulbooker.tests.rest.TC003_DeleteBooking@45b4c3a9]" started-at="2023-12-15T20:53:14 GMT" name="deleteBooking" finished-at="2023-12-15T20:53:15 GMT" depends-on-methods="com.framework.restfulbooker.tests.rest.TC002_UpdateBooking.updateBooking" duration-ms="469" status="PASS">
          <reporter-output>
          </reporter-output>
        </test-method> <!-- deleteBooking -->
        <test-method is-config="true" signature="tearDownClass()[pri:0, instance:com.framework.restfulbooker.tests.rest.TC003_DeleteBooking@45b4c3a9]" started-at="2023-12-15T20:53:15 GMT" name="tearDownClass" finished-at="2023-12-15T20:53:15 GMT" duration-ms="1" status="PASS">
          <reporter-output>
          </reporter-output>
        </test-method> <!-- tearDownClass -->
        <test-method is-config="true" signature="endResult()[pri:0, instance:com.framework.restfulbooker.tests.rest.TC003_DeleteBooking@45b4c3a9]" started-at="2023-12-15T20:53:15 GMT" name="endResult" finished-at="2023-12-15T20:53:15 GMT" duration-ms="377" status="PASS">
          <reporter-output>
          </reporter-output>
        </test-method> <!-- endResult -->
      </class> <!-- com.framework.restfulbooker.tests.rest.TC003_DeleteBooking -->
      <class name="com.framework.restfulbooker.tests.rest.TC002_UpdateBooking">
        <test-method is-config="true" signature="setValues()[pri:0, instance:com.framework.restfulbooker.tests.rest.TC002_UpdateBooking@1e178745]" started-at="2023-12-15T20:53:08 GMT" name="setValues" finished-at="2023-12-15T20:53:08 GMT" duration-ms="0" status="PASS">
          <reporter-output>
          </reporter-output>
        </test-method> <!-- setValues -->
        <test-method is-config="true" signature="setUpClass(org.testng.ITestContext)[pri:0, instance:com.framework.restfulbooker.tests.rest.TC002_UpdateBooking@1e178745]" started-at="2023-12-15T20:53:09 GMT" name="setUpClass" finished-at="2023-12-15T20:53:09 GMT" duration-ms="22" status="PASS">
          <params>
            <param index="0">
              <value>
                <![CDATA[org.testng.TestRunner@418f0534]]>
              </value>
            </param>
          </params>
          <reporter-output>
          </reporter-output>
        </test-method> <!-- setUpClass -->
        <test-method is-config="true" signature="startTestCase()[pri:0, instance:com.framework.restfulbooker.tests.rest.TC002_UpdateBooking@1e178745]" started-at="2023-12-15T20:53:09 GMT" name="startTestCase" finished-at="2023-12-15T20:53:09 GMT" duration-ms="0" status="PASS">
          <reporter-output>
          </reporter-output>
        </test-method> <!-- startTestCase -->
        <test-method is-config="true" signature="beforeMethod()[pri:0, instance:com.framework.restfulbooker.tests.rest.TC002_UpdateBooking@1e178745]" started-at="2023-12-15T20:53:13 GMT" name="beforeMethod" finished-at="2023-12-15T20:53:13 GMT" duration-ms="491" status="PASS">
          <reporter-output>
          </reporter-output>
        </test-method> <!-- beforeMethod -->
        <test-method signature="updateBooking()[pri:0, instance:com.framework.restfulbooker.tests.rest.TC002_UpdateBooking@1e178745]" started-at="2023-12-15T20:53:13 GMT" name="updateBooking" finished-at="2023-12-15T20:53:14 GMT" depends-on-methods="com.framework.restfulbooker.tests.rest.TC001_CreateBooking.createBooking" duration-ms="531" status="PASS">
          <reporter-output>
          </reporter-output>
        </test-method> <!-- updateBooking -->
        <test-method is-config="true" signature="tearDownClass()[pri:0, instance:com.framework.restfulbooker.tests.rest.TC002_UpdateBooking@1e178745]" started-at="2023-12-15T20:53:14 GMT" name="tearDownClass" finished-at="2023-12-15T20:53:14 GMT" duration-ms="0" status="PASS">
          <reporter-output>
          </reporter-output>
        </test-method> <!-- tearDownClass -->
      </class> <!-- com.framework.restfulbooker.tests.rest.TC002_UpdateBooking -->
      <class name="com.framework.restfulbooker.tests.rest.TC001_CreateBooking">
        <test-method is-config="true" signature="setValues()[pri:0, instance:com.framework.restfulbooker.tests.rest.TC001_CreateBooking@26b3fd41]" started-at="2023-12-15T20:53:08 GMT" name="setValues" finished-at="2023-12-15T20:53:08 GMT" duration-ms="0" status="PASS">
          <reporter-output>
          </reporter-output>
        </test-method> <!-- setValues -->
        <test-method is-config="true" signature="setUpClass(org.testng.ITestContext)[pri:0, instance:com.framework.restfulbooker.tests.rest.TC001_CreateBooking@26b3fd41]" started-at="2023-12-15T20:53:09 GMT" name="setUpClass" finished-at="2023-12-15T20:53:09 GMT" duration-ms="13" status="PASS">
          <params>
            <param index="0">
              <value>
                <![CDATA[org.testng.TestRunner@418f0534]]>
              </value>
            </param>
          </params>
          <reporter-output>
          </reporter-output>
        </test-method> <!-- setUpClass -->
        <test-method is-config="true" signature="startTestCase()[pri:0, instance:com.framework.restfulbooker.tests.rest.TC001_CreateBooking@26b3fd41]" started-at="2023-12-15T20:53:09 GMT" name="startTestCase" finished-at="2023-12-15T20:53:09 GMT" duration-ms="1" status="PASS">
          <reporter-output>
          </reporter-output>
        </test-method> <!-- startTestCase -->
        <test-method is-config="true" signature="beforeMethod()[pri:0, instance:com.framework.restfulbooker.tests.rest.TC001_CreateBooking@26b3fd41]" started-at="2023-12-15T20:53:09 GMT" name="beforeMethod" finished-at="2023-12-15T20:53:12 GMT" duration-ms="3474" status="PASS">
          <reporter-output>
          </reporter-output>
        </test-method> <!-- beforeMethod -->
        <test-method signature="createBooking()[pri:0, instance:com.framework.restfulbooker.tests.rest.TC001_CreateBooking@26b3fd41]" started-at="2023-12-15T20:53:12 GMT" name="createBooking" finished-at="2023-12-15T20:53:13 GMT" duration-ms="612" status="PASS">
          <reporter-output>
          </reporter-output>
        </test-method> <!-- createBooking -->
        <test-method is-config="true" signature="tearDownClass()[pri:0, instance:com.framework.restfulbooker.tests.rest.TC001_CreateBooking@26b3fd41]" started-at="2023-12-15T20:53:13 GMT" name="tearDownClass" finished-at="2023-12-15T20:53:13 GMT" duration-ms="3" status="PASS">
          <reporter-output>
          </reporter-output>
        </test-method> <!-- tearDownClass -->
      </class> <!-- com.framework.restfulbooker.tests.rest.TC001_CreateBooking -->
    </test> <!-- Default test -->
  </suite> <!-- Default suite -->
</testng-results>
